# JRE version: Java(TM) SE Runtime Environment 18.9 (11.0.19+9) (build 11.0.19+9-LTS-224)
# Java VM: Java HotSpot(TM) 64-Bit Server VM 18.9 (11.0.19+9-LTS-224, mixed mode, tiered, compressed oops, g1 gc, windows-amd64)
Heap:
 garbage-first heap   total 65536K, used 10366K [0x00000000fc000000, 0x0000000100000000)
  region size 1024K, 2 young (2048K), 1 survivors (1024K)
 Metaspace       used 13553K, capacity 13858K, committed 14080K, reserved 1060864K
  class space    used 1565K, capacity 1669K, committed 1792K, reserved 1048576K
GC Heap History (6 events):
Event: 104.188 GC heap before
{Heap before GC invocations=0 (full 0):
 garbage-first heap   total 65536K, used 29696K [0x00000000fc000000, 0x0000000100000000)
  region size 1024K, 24 young (24576K), 0 survivors (0K)
 Metaspace       used 10213K, capacity 10482K, committed 10624K, reserved 1058816K
  class space    used 1047K, capacity 1131K, committed 1152K, reserved 1048576K
}
Event: 104.656 GC heap after
{Heap after GC invocations=1 (full 0):
 garbage-first heap   total 65536K, used 9319K [0x00000000fc000000, 0x0000000100000000)
  region size 1024K, 3 young (3072K), 3 survivors (3072K)
 Metaspace       used 10213K, capacity 10482K, committed 10624K, reserved 1058816K
  class space    used 1047K, capacity 1131K, committed 1152K, reserved 1048576K
}
Event: 111.106 GC heap before
{Heap before GC invocations=1 (full 0):
 garbage-first heap   total 65536K, used 16487K [0x00000000fc000000, 0x0000000100000000)
  region size 1024K, 10 young (10240K), 3 survivors (3072K)
 Metaspace       used 11489K, capacity 11754K, committed 11904K, reserved 1060864K
  class space    used 1268K, capacity 1346K, committed 1408K, reserved 1048576K
}
Event: 111.508 GC heap after
{Heap after GC invocations=2 (full 0):
 garbage-first heap   total 65536K, used 10024K [0x00000000fc000000, 0x0000000100000000)
  region size 1024K, 1 young (1024K), 1 survivors (1024K)
 Metaspace       used 11489K, capacity 11754K, committed 11904K, reserved 1060864K
  class space    used 1268K, capacity 1346K, committed 1408K, reserved 1048576K
}
Event: 113.915 GC heap before
{Heap before GC invocations=2 (full 0):
 garbage-first heap   total 65536K, used 17192K [0x00000000fc000000, 0x0000000100000000)
  region size 1024K, 8 young (8192K), 1 survivors (1024K)
 Metaspace       used 13236K, capacity 13529K, committed 13696K, reserved 1060864K
  class space    used 1527K, capacity 1664K, committed 1664K, reserved 1048576K
}
Event: 114.029 GC heap after
{Heap after GC invocations=3 (full 0):
 garbage-first heap   total 65536K, used 10366K [0x00000000fc000000, 0x0000000100000000)
  region size 1024K, 1 young (1024K), 1 survivors (1024K)
 Metaspace       used 13236K, capacity 13529K, committed 13696K, reserved 1060864K
  class space    used 1527K, capacity 1664K, committed 1664K, reserved 1048576K
}

