# JRE version: Java(TM) SE Runtime Environment 18.9 (11.0.19+9) (build 11.0.19+9-LTS-224)
# Java VM: Java HotSpot(TM) 64-Bit Server VM 18.9 (11.0.19+9-LTS-224, mixed mode, tiered, compressed oops, g1 gc, windows-amd64)
Heap:
 garbage-first heap   total 131072K, used 115497K [0x0000000080000000, 0x0000000100000000)
  region size 1024K, 2 young (2048K), 1 survivors (1024K)
 Metaspace       used 94947K, capacity 98010K, committed 98048K, reserved 602112K
  class space    used 12633K, capacity 13822K, committed 13824K, reserved 516096K
GC Heap History (10 events):
Event: 603.327 GC heap before
{Heap before GC invocations=59 (full 0):
 garbage-first heap   total 131072K, used 117855K [0x0000000080000000, 0x0000000100000000)
  region size 1024K, 6 young (6144K), 1 survivors (1024K)
 Metaspace       used 93890K, capacity 96779K, committed 96896K, reserved 600064K
  class space    used 12504K, capacity 13688K, committed 13696K, reserved 516096K
}
Event: 603.329 GC heap after
{Heap after GC invocations=60 (full 0):
 garbage-first heap   total 131072K, used 112835K [0x0000000080000000, 0x0000000100000000)
  region size 1024K, 1 young (1024K), 1 survivors (1024K)
 Metaspace       used 93890K, capacity 96779K, committed 96896K, reserved 600064K
  class space    used 12504K, capacity 13688K, committed 13696K, reserved 516096K
}
Event: 603.478 GC heap before
{Heap before GC invocations=61 (full 0):
 garbage-first heap   total 131072K, used 117955K [0x0000000080000000, 0x0000000100000000)
  region size 1024K, 6 young (6144K), 1 survivors (1024K)
 Metaspace       used 94203K, capacity 97195K, committed 97536K, reserved 600064K
  class space    used 12539K, capacity 13720K, committed 13824K, reserved 516096K
}
Event: 603.482 GC heap after
{Heap after GC invocations=62 (full 0):
 garbage-first heap   total 131072K, used 113245K [0x0000000080000000, 0x0000000100000000)
  region size 1024K, 1 young (1024K), 1 survivors (1024K)
 Metaspace       used 94203K, capacity 97195K, committed 97536K, reserved 600064K
  class space    used 12539K, capacity 13720K, committed 13824K, reserved 516096K
}
Event: 603.613 GC heap before
{Heap before GC invocations=62 (full 0):
 garbage-first heap   total 131072K, used 118365K [0x0000000080000000, 0x0000000100000000)
  region size 1024K, 6 young (6144K), 1 survivors (1024K)
 Metaspace       used 94421K, capacity 97420K, committed 97536K, reserved 600064K
  class space    used 12565K, capacity 13752K, committed 13824K, reserved 516096K
}
Event: 603.616 GC heap after
{Heap after GC invocations=63 (full 0):
 garbage-first heap   total 131072K, used 113511K [0x0000000080000000, 0x0000000100000000)
  region size 1024K, 1 young (1024K), 1 survivors (1024K)
 Metaspace       used 94421K, capacity 97420K, committed 97536K, reserved 600064K
  class space    used 12565K, capacity 13752K, committed 13824K, reserved 516096K
}
Event: 603.778 GC heap before
{Heap before GC invocations=63 (full 0):
 garbage-first heap   total 131072K, used 118631K [0x0000000080000000, 0x0000000100000000)
  region size 1024K, 6 young (6144K), 1 survivors (1024K)
 Metaspace       used 94521K, capacity 97530K, committed 97792K, reserved 600064K
  class space    used 12583K, capacity 13790K, committed 13824K, reserved 516096K
}
Event: 603.783 GC heap after
{Heap after GC invocations=64 (full 0):
 garbage-first heap   total 131072K, used 114010K [0x0000000080000000, 0x0000000100000000)
  region size 1024K, 1 young (1024K), 1 survivors (1024K)
 Metaspace       used 94521K, capacity 97530K, committed 97792K, reserved 600064K
  class space    used 12583K, capacity 13790K, committed 13824K, reserved 516096K
}
Event: 603.983 GC heap before
{Heap before GC invocations=65 (full 0):
 garbage-first heap   total 131072K, used 118106K [0x0000000080000000, 0x0000000100000000)
  region size 1024K, 6 young (6144K), 1 survivors (1024K)
 Metaspace       used 94692K, capacity 97786K, committed 98048K, reserved 602112K
  class space    used 12598K, capacity 13790K, committed 13824K, reserved 516096K
}
Event: 603.991 GC heap after
{Heap after GC invocations=66 (full 0):
 garbage-first heap   total 131072K, used 114979K [0x0000000080000000, 0x0000000100000000)
  region size 1024K, 1 young (1024K), 1 survivors (1024K)
 Metaspace       used 94692K, capacity 97786K, committed 98048K, reserved 602112K
  class space    used 12598K, capacity 13790K, committed 13824K, reserved 516096K
}

