# JRE version: Java(TM) SE Runtime Environment 18.9 (11.0.19+9) (build 11.0.19+9-LTS-224)
# Java VM: Java HotSpot(TM) 64-Bit Server VM 18.9 (11.0.19+9-LTS-224, mixed mode, tiered, compressed oops, g1 gc, windows-amd64)
Heap:
 garbage-first heap   total 189440K, used 136953K [0x0000000080000000, 0x0000000100000000)
  region size 1024K, 1 young (1024K), 1 survivors (1024K)
 Metaspace       used 102811K, capacity 106265K, committed 106496K, reserved 608256K
  class space    used 13657K, capacity 14997K, committed 15104K, reserved 516096K
GC Heap History (10 events):
Event: 663.970 GC heap after
{Heap after GC invocations=84 (full 0):
 garbage-first heap   total 157696K, used 129754K [0x0000000080000000, 0x0000000100000000)
  region size 1024K, 2 young (2048K), 2 survivors (2048K)
 Metaspace       used 101960K, capacity 105328K, committed 105600K, reserved 608256K
  class space    used 13588K, capacity 14906K, committed 14976K, reserved 516096K
}
Event: 664.307 GC heap before
{Heap before GC invocations=84 (full 0):
 garbage-first heap   total 157696K, used 136922K [0x0000000080000000, 0x0000000100000000)
  region size 1024K, 9 young (9216K), 2 survivors (2048K)
 Metaspace       used 102207K, capacity 105591K, committed 105856K, reserved 608256K
  class space    used 13618K, capacity 14944K, committed 14976K, reserved 516096K
}
Event: 664.315 GC heap after
{Heap after GC invocations=85 (full 0):
 garbage-first heap   total 157696K, used 131019K [0x0000000080000000, 0x0000000100000000)
  region size 1024K, 2 young (2048K), 2 survivors (2048K)
 Metaspace       used 102207K, capacity 105591K, committed 105856K, reserved 608256K
  class space    used 13618K, capacity 14944K, committed 14976K, reserved 516096K
}
Event: 664.860 GC heap before
{Heap before GC invocations=86 (full 0):
 garbage-first heap   total 157696K, used 137163K [0x0000000080000000, 0x0000000100000000)
  region size 1024K, 8 young (8192K), 2 survivors (2048K)
 Metaspace       used 102352K, capacity 105846K, committed 106112K, reserved 608256K
  class space    used 13624K, capacity 14954K, committed 14976K, reserved 516096K
}
Event: 664.868 GC heap after
{Heap after GC invocations=87 (full 0):
 garbage-first heap   total 157696K, used 132933K [0x0000000080000000, 0x0000000100000000)
  region size 1024K, 1 young (1024K), 1 survivors (1024K)
 Metaspace       used 102352K, capacity 105846K, committed 106112K, reserved 608256K
  class space    used 13624K, capacity 14954K, committed 14976K, reserved 516096K
}
Event: 665.137 GC heap before
{Heap before GC invocations=87 (full 0):
 garbage-first heap   total 157696K, used 139077K [0x0000000080000000, 0x0000000100000000)
  region size 1024K, 7 young (7168K), 1 survivors (1024K)
 Metaspace       used 102493K, capacity 106037K, committed 106240K, reserved 608256K
  class space    used 13634K, capacity 14991K, committed 15104K, reserved 516096K
}
Event: 665.156 GC heap after
{Heap after GC invocations=88 (full 0):
 garbage-first heap   total 157696K, used 134864K [0x0000000080000000, 0x0000000100000000)
  region size 1024K, 1 young (1024K), 1 survivors (1024K)
 Metaspace       used 102493K, capacity 106037K, committed 106240K, reserved 608256K
  class space    used 13634K, capacity 14991K, committed 15104K, reserved 516096K
}
Event: 665.716 GC heap before
{Heap before GC invocations=89 (full 0):
 garbage-first heap   total 157696K, used 141008K [0x0000000080000000, 0x0000000100000000)
  region size 1024K, 7 young (7168K), 1 survivors (1024K)
 Metaspace       used 102635K, capacity 106113K, committed 106240K, reserved 608256K
  class space    used 13646K, capacity 14993K, committed 15104K, reserved 516096K
}
Event: 665.722 GC heap after
{Heap after GC invocations=90 (full 0):
 garbage-first heap   total 157696K, used 135895K [0x0000000080000000, 0x0000000100000000)
  region size 1024K, 1 young (1024K), 1 survivors (1024K)
 Metaspace       used 102635K, capacity 106113K, committed 106240K, reserved 608256K
  class space    used 13646K, capacity 14993K, committed 15104K, reserved 516096K
}
Event: 665.996 GC heap before
{Heap before GC invocations=90 (full 0):
 garbage-first heap   total 157696K, used 142039K [0x0000000080000000, 0x0000000100000000)
  region size 1024K, 7 young (7168K), 1 survivors (1024K)
 Metaspace       used 102811K, capacity 106265K, committed 106496K, reserved 608256K
  class space    used 13657K, capacity 14997K, committed 15104K, reserved 516096K
}

