# JRE version: Java(TM) SE Runtime Environment 18.9 (11.0.19+9) (build 11.0.19+9-LTS-224)
# Java VM: Java HotSpot(TM) 64-Bit Server VM 18.9 (11.0.19+9-LTS-224, mixed mode, tiered, compressed oops, g1 gc, windows-amd64)
Heap:
 garbage-first heap   total 135168K, used 132771K [0x0000000080000000, 0x0000000100000000)
  region size 1024K, 6 young (6144K), 1 survivors (1024K)
 Metaspace       used 100996K, capacity 104463K, committed 104704K, reserved 606208K
  class space    used 13455K, capacity 14791K, committed 14848K, reserved 516096K
GC Heap History (10 events):
Event: 631.743 GC heap after
{Heap after GC invocations=76 (full 0):
 garbage-first heap   total 134144K, used 126107K [0x0000000080000000, 0x0000000100000000)
  region size 1024K, 1 young (1024K), 1 survivors (1024K)
 Metaspace       used 98162K, capacity 101582K, committed 101760K, reserved 604160K
  class space    used 13099K, capacity 14419K, committed 14464K, reserved 516096K
}
Event: 632.225 GC heap before
{Heap before GC invocations=76 (full 0):
 garbage-first heap   total 134144K, used 131227K [0x0000000080000000, 0x0000000100000000)
  region size 1024K, 6 young (6144K), 1 survivors (1024K)
 Metaspace       used 98585K, capacity 102019K, committed 102144K, reserved 604160K
  class space    used 13178K, capacity 14520K, committed 14592K, reserved 516096K
}
Event: 632.229 GC heap after
{Heap after GC invocations=77 (full 0):
 garbage-first heap   total 134144K, used 126283K [0x0000000080000000, 0x0000000100000000)
  region size 1024K, 1 young (1024K), 1 survivors (1024K)
 Metaspace       used 98585K, capacity 102019K, committed 102144K, reserved 604160K
  class space    used 13178K, capacity 14520K, committed 14592K, reserved 516096K
}
Event: 632.676 GC heap before
{Heap before GC invocations=78 (full 0):
 garbage-first heap   total 134144K, used 131403K [0x0000000080000000, 0x0000000100000000)
  region size 1024K, 6 young (6144K), 1 survivors (1024K)
 Metaspace       used 98997K, capacity 102416K, committed 102656K, reserved 604160K
  class space    used 13231K, capacity 14561K, committed 14592K, reserved 516096K
}
Event: 632.680 GC heap after
{Heap after GC invocations=79 (full 0):
 garbage-first heap   total 134144K, used 126731K [0x0000000080000000, 0x0000000100000000)
  region size 1024K, 1 young (1024K), 1 survivors (1024K)
 Metaspace       used 98997K, capacity 102416K, committed 102656K, reserved 604160K
  class space    used 13231K, capacity 14561K, committed 14592K, reserved 516096K
}
Event: 633.645 GC heap before
{Heap before GC invocations=79 (full 0):
 garbage-first heap   total 134144K, used 131851K [0x0000000080000000, 0x0000000100000000)
  region size 1024K, 6 young (6144K), 1 survivors (1024K)
 Metaspace       used 100428K, capacity 103879K, committed 104192K, reserved 606208K
  class space    used 13387K, capacity 14726K, committed 14848K, reserved 516096K
}
Event: 633.650 GC heap after
{Heap after GC invocations=80 (full 0):
 garbage-first heap   total 134144K, used 127067K [0x0000000080000000, 0x0000000100000000)
  region size 1024K, 1 young (1024K), 1 survivors (1024K)
 Metaspace       used 100428K, capacity 103879K, committed 104192K, reserved 606208K
  class space    used 13387K, capacity 14726K, committed 14848K, reserved 516096K
}
Event: 633.958 GC heap before
{Heap before GC invocations=80 (full 0):
 garbage-first heap   total 134144K, used 131163K [0x0000000080000000, 0x0000000100000000)
  region size 1024K, 6 young (6144K), 1 survivors (1024K)
 Metaspace       used 100676K, capacity 104110K, committed 104448K, reserved 606208K
  class space    used 13422K, capacity 14759K, committed 14848K, reserved 516096K
}
Event: 633.963 GC heap after
{Heap after GC invocations=81 (full 0):
 garbage-first heap   total 134144K, used 127651K [0x0000000080000000, 0x0000000100000000)
  region size 1024K, 1 young (1024K), 1 survivors (1024K)
 Metaspace       used 100676K, capacity 104110K, committed 104448K, reserved 606208K
  class space    used 13422K, capacity 14759K, committed 14848K, reserved 516096K
}
Event: 634.085 GC heap before
{Heap before GC invocations=82 (full 0):
 garbage-first heap   total 134144K, used 132771K [0x0000000080000000, 0x0000000100000000)
  region size 1024K, 6 young (6144K), 1 survivors (1024K)
 Metaspace       used 100996K, capacity 104463K, committed 104704K, reserved 606208K
  class space    used 13455K, capacity 14791K, committed 14848K, reserved 516096K
}

